<?xml version="1.0" encoding="UTF-8"?>
<testsuite name="GoodRoad.auth.AuthServiceTest" tests="6" skipped="0" failures="1" errors="0" timestamp="2026-03-10T18:58:51.533Z" hostname="Victoria" time="2.751">
  <properties/>
  <testcase name="changePass_shouldThrow_whenOldPasswordIncorrect()" classname="GoodRoad.auth.AuthServiceTest" time="2.599"/>
  <testcase name="register_shouldThrow_whenPhoneAlreadyUsed()" classname="GoodRoad.auth.AuthServiceTest" time="0.034"/>
  <testcase name="login_shouldThrow_whenBadPassword()" classname="GoodRoad.auth.AuthServiceTest" time="0.02"/>
  <testcase name="register_shouldSaveUser_whenPhoneNotUsed()" classname="GoodRoad.auth.AuthServiceTest" time="0.042">
    <failure message="java.lang.NullPointerException: Cannot invoke &quot;java.lang.Long.toString()&quot; because the return value of &quot;GoodRoad.users.repository.UserEntity.getId()&quot; is null" type="java.lang.NullPointerException">java.lang.NullPointerException: Cannot invoke &quot;java.lang.Long.toString()&quot; because the return value of &quot;GoodRoad.users.repository.UserEntity.getId()&quot; is null
	at GoodRoad.auth.AuthService.toResp(AuthService.java:130)
	at GoodRoad.auth.AuthService.register(AuthService.java:76)
	at GoodRoad.auth.AuthServiceTest.register_shouldSaveUser_whenPhoneNotUsed(AuthServiceTest.java:53)
	at java.base/java.lang.reflect.Method.invoke(Method.java:580)
	at java.base/java.util.ArrayList.forEach(ArrayList.java:1596)
	at java.base/java.util.ArrayList.forEach(ArrayList.java:1596)
</failure>
  </testcase>
  <testcase name="changePass_shouldUpdatePassword_whenOldPasswordCorrect()" classname="GoodRoad.auth.AuthServiceTest" time="0.03"/>
  <testcase name="login_shouldReturnUser_whenCredentialsCorrect()" classname="GoodRoad.auth.AuthServiceTest" time="0.014"/>
  <system-out><![CDATA[]]></system-out>
  <system-err><![CDATA[Mockito is currently self-attaching to enable the inline-mock-maker. This will no longer work in future releases of the JDK. Please add Mockito as an agent to your build as described in Mockito's documentation: https://javadoc.io/doc/org.mockito/mockito-core/latest/org.mockito/org/mockito/Mockito.html#0.3
WARNING: A Java agent has been loaded dynamically (/home/victoria/.gradle/caches/modules-2/files-2.1/net.bytebuddy/byte-buddy-agent/1.17.8/f09415827a71be7ed621c7bd02550678f28bc81c/byte-buddy-agent-1.17.8.jar)
WARNING: If a serviceability tool is in use, please run with -XX:+EnableDynamicAgentLoading to hide this warning
WARNING: If a serviceability tool is not in use, please run with -Djdk.instrument.traceUsage for more information
WARNING: Dynamic loading of agents will be disallowed by default in a future release
]]></system-err>
</testsuite>
